# JRE version: Java(TM) SE Runtime Environment (8.0_311-b11) (build 1.8.0_311-b11)
# Java VM: Java HotSpot(TM) 64-Bit Server VM (25.311-b11 mixed mode windows-amd64 compressed oops)
Heap:
 PSYoungGen      total 56832K, used 714K [0x0000000780d80000, 0x0000000784c80000, 0x00000007c0000000)
  eden space 49152K, 1% used [0x0000000780d80000,0x0000000780e32878,0x0000000783d80000)
  from space 7680K, 0% used [0x0000000784500000,0x0000000784500000,0x0000000784c80000)
  to   space 7680K, 0% used [0x0000000783d80000,0x0000000783d80000,0x0000000784500000)
 ParOldGen       total 60928K, used 9190K [0x0000000702800000, 0x0000000706380000, 0x0000000780d80000)
  object space 60928K, 15% used [0x0000000702800000,0x00000007030f9a88,0x0000000706380000)
 Metaspace       used 20287K, capacity 21286K, committed 21552K, reserved 1069056K
  class space    used 2545K, capacity 2819K, committed 2864K, reserved 1048576K
GC Heap History (6 events):
Event: 1.556 GC heap before
{Heap before GC invocations=1 (full 0):
 PSYoungGen      total 56832K, used 49152K [0x0000000780d80000, 0x0000000784c80000, 0x00000007c0000000)
  eden space 49152K, 100% used [0x0000000780d80000,0x0000000783d80000,0x0000000783d80000)
  from space 7680K, 0% used [0x0000000784500000,0x0000000784500000,0x0000000784c80000)
  to   space 7680K, 0% used [0x0000000783d80000,0x0000000783d80000,0x0000000784500000)
 ParOldGen       total 130048K, used 0K [0x0000000702800000, 0x000000070a700000, 0x0000000780d80000)
  object space 130048K, 0% used [0x0000000702800000,0x0000000702800000,0x000000070a700000)
 Metaspace       used 15800K, capacity 16304K, committed 16512K, reserved 1062912K
  class space    used 1907K, capacity 2050K, committed 2176K, reserved 1048576K
Event: 1.566 GC heap after
Heap after GC invocations=1 (full 0):
 PSYoungGen      total 56832K, used 7655K [0x0000000780d80000, 0x0000000784c80000, 0x00000007c0000000)
  eden space 49152K, 0% used [0x0000000780d80000,0x0000000780d80000,0x0000000783d80000)
  from space 7680K, 99% used [0x0000000783d80000,0x00000007844f9f58,0x0000000784500000)
  to   space 7680K, 0% used [0x0000000784500000,0x0000000784500000,0x0000000784c80000)
 ParOldGen       total 130048K, used 379K [0x0000000702800000, 0x000000070a700000, 0x0000000780d80000)
  object space 130048K, 0% used [0x0000000702800000,0x000000070285eca8,0x000000070a700000)
 Metaspace       used 15800K, capacity 16304K, committed 16512K, reserved 1062912K
  class space    used 1907K, capacity 2050K, committed 2176K, reserved 1048576K
}
Event: 10.802 GC heap before
{Heap before GC invocations=2 (full 0):
 PSYoungGen      total 56832K, used 43725K [0x0000000780d80000, 0x0000000784c80000, 0x00000007c0000000)
  eden space 49152K, 73% used [0x0000000780d80000,0x00000007830b9710,0x0000000783d80000)
  from space 7680K, 99% used [0x0000000783d80000,0x00000007844f9f58,0x0000000784500000)
  to   space 7680K, 0% used [0x0000000784500000,0x0000000784500000,0x0000000784c80000)
 ParOldGen       total 130048K, used 379K [0x0000000702800000, 0x000000070a700000, 0x0000000780d80000)
  object space 130048K, 0% used [0x0000000702800000,0x000000070285eca8,0x000000070a700000)
 Metaspace       used 20273K, capacity 21212K, committed 21296K, reserved 1067008K
  class space    used 2543K, capacity 2818K, committed 2864K, reserved 1048576K
Event: 10.818 GC heap after
Heap after GC invocations=2 (full 0):
 PSYoungGen      total 56832K, used 7654K [0x0000000780d80000, 0x0000000784c80000, 0x00000007c0000000)
  eden space 49152K, 0% used [0x0000000780d80000,0x0000000780d80000,0x0000000783d80000)
  from space 7680K, 99% used [0x0000000784500000,0x0000000784c79988,0x0000000784c80000)
  to   space 7680K, 0% used [0x0000000783d80000,0x0000000783d80000,0x0000000784500000)
 ParOldGen       total 130048K, used 2162K [0x0000000702800000, 0x000000070a700000, 0x0000000780d80000)
  object space 130048K, 1% used [0x0000000702800000,0x0000000702a1c948,0x000000070a700000)
 Metaspace       used 20273K, capacity 21212K, committed 21296K, reserved 1067008K
  class space    used 2543K, capacity 2818K, committed 2864K, reserved 1048576K
}
Event: 10.818 GC heap before
{Heap before GC invocations=3 (full 1):
 PSYoungGen      total 56832K, used 7654K [0x0000000780d80000, 0x0000000784c80000, 0x00000007c0000000)
  eden space 49152K, 0% used [0x0000000780d80000,0x0000000780d80000,0x0000000783d80000)
  from space 7680K, 99% used [0x0000000784500000,0x0000000784c79988,0x0000000784c80000)
  to   space 7680K, 0% used [0x0000000783d80000,0x0000000783d80000,0x0000000784500000)
 ParOldGen       total 130048K, used 2162K [0x0000000702800000, 0x000000070a700000, 0x0000000780d80000)
  object space 130048K, 1% used [0x0000000702800000,0x0000000702a1c948,0x000000070a700000)
 Metaspace       used 20273K, capacity 21212K, committed 21296K, reserved 1067008K
  class space    used 2543K, capacity 2818K, committed 2864K, reserved 1048576K
Event: 10.877 GC heap after
Heap after GC invocations=3 (full 1):
 PSYoungGen      total 56832K, used 0K [0x0000000780d80000, 0x0000000784c80000, 0x00000007c0000000)
  eden space 49152K, 0% used [0x0000000780d80000,0x0000000780d80000,0x0000000783d80000)
  from space 7680K, 0% used [0x0000000784500000,0x0000000784500000,0x0000000784c80000)
  to   space 7680K, 0% used [0x0000000783d80000,0x0000000783d80000,0x0000000784500000)
 ParOldGen       total 60928K, used 9190K [0x0000000702800000, 0x0000000706380000, 0x0000000780d80000)
  object space 60928K, 15% used [0x0000000702800000,0x00000007030f9a88,0x0000000706380000)
 Metaspace       used 20269K, capacity 21204K, committed 21296K, reserved 1067008K
  class space    used 2542K, capacity 2816K, committed 2864K, reserved 1048576K
}

