<?xml version="1.0" encoding="UTF-8"?>
<!-- Generated by org.testng.reporters.JUnitXMLReporter -->
<testsuite hostname="0753-0883" ignored="0" name="Test" tests="6" failures="0" timestamp="2022-03-09T15:16:06 IST" time="216.401" errors="0">
  <testcase name="TC_GCodes_Login_001" time="18.359" classname="com.GCodes.TestCases.TC_GCodesLogin_001"/>
  <testcase name="TC_GCodes_LoginValidations_002" time="30.02" classname="com.GCodes.TestCases.TC_Login_Validations_002"/>
  <testcase name="TC_Invalid_Wallet_003" time="34.114" classname="com.GCodes.TestCases.TC_Wallet_003"/>
  <testcase name="TC_Invalid_Wallet_005" time="10.96" classname="com.GCodes.TestCases.TC_Wallet_003"/>
  <testcase name="TC_CartAddRemove" time="82.281" classname="com.GCodes.TestCases.TC_Cart_validation_004"/>
  <testcase name="TC_Import_InvalidFile" time="27.799" classname="com.GCodes.TestCases.TC_Issuance_Importer_005"/>
</testsuite> <!-- Test -->
